<?xml version="1.0" encoding="UTF-8"?>
<testng-results skipped="0" failed="0" total="1" passed="1">
  <reporter-output>
    <line>
      <![CDATA[<div "featureFile">Feature File: onboard.feature</div>]]>
    </line>
    <line>
      <![CDATA[<div "feature">Feature: To complete the flow of onboarding</div>]]>
    </line>
    <line>
      <![CDATA[<div "scenario">Scenario: Step by Step Execution of onboard Flow</div>]]>
    </line>
    <line>
      <![CDATA[<div "result">Given  I am navigating to site (passed : 7s)</div>]]>
    </line>
    <line>
      <![CDATA[<div "result">And  Select a Location &quot;Bengaluru&quot; (passed : 0s)</div>]]>
    </line>
    <line>
      <![CDATA[<div "result">And  Select a Product &quot;Most Popular&quot; &quot;Aashirvaad Shudh Chakki Whole Wheat Atta&quot; (passed : 6s)</div>]]>
    </line>
    <line>
      <![CDATA[<div "result">And  Select a Product &quot;Most Popular&quot; &quot;Kellogg&#x27;s Original &amp; the Best Corn Flakes (Pouch)&quot; (passed : 5s)</div>]]>
    </line>
  </reporter-output>
  <suite name="Suite" duration-ms="31068" started-at="2018-02-03T10:35:26Z" finished-at="2018-02-03T10:35:57Z">
    <groups>
      <group name="cucumber">
        <method signature="TestngTestRunner.run_cukes()[pri:0, instance:TestCases.TestngTestRunner@78faea5f]" name="run_cukes" class="TestCases.TestngTestRunner"/>
      </group> <!-- cucumber -->
    </groups>
    <test name="Test" duration-ms="31068" started-at="2018-02-03T10:35:26Z" finished-at="2018-02-03T10:35:57Z">
      <class name="TestCases.TestngTestRunner">
        <test-method status="PASS" signature="beforeMethod(java.lang.String, java.lang.String)[pri:0, instance:TestCases.TestngTestRunner@78faea5f]" name="beforeMethod" is-config="true" duration-ms="7442" started-at="2018-02-03T16:05:26Z" finished-at="2018-02-03T16:05:33Z">
          <params>
            <param index="0">
              <value>
                <![CDATA[chrome]]>
              </value>
            </param>
            <param index="1">
              <value>
                <![CDATA[https://www.grofers.com]]>
              </value>
            </param>
          </params>
          <reporter-output>
          </reporter-output>
        </test-method> <!-- beforeMethod -->
        <test-method status="PASS" signature="run_cukes()[pri:0, instance:TestCases.TestngTestRunner@78faea5f]" name="run_cukes" duration-ms="21480" started-at="2018-02-03T16:05:33Z" description="Runs Cucumber Features" finished-at="2018-02-03T16:05:55Z">
          <reporter-output>
            <line>
              <![CDATA[<div "featureFile">Feature File: onboard.feature</div>]]>
            </line>
            <line>
              <![CDATA[<div "feature">Feature: To complete the flow of onboarding</div>]]>
            </line>
            <line>
              <![CDATA[<div "scenario">Scenario: Step by Step Execution of onboard Flow</div>]]>
            </line>
            <line>
              <![CDATA[<div "result">Given  I am navigating to site (passed : 7s)</div>]]>
            </line>
            <line>
              <![CDATA[<div "result">And  Select a Location &quot;Bengaluru&quot; (passed : 0s)</div>]]>
            </line>
            <line>
              <![CDATA[<div "result">And  Select a Product &quot;Most Popular&quot; &quot;Aashirvaad Shudh Chakki Whole Wheat Atta&quot; (passed : 6s)</div>]]>
            </line>
            <line>
              <![CDATA[<div "result">And  Select a Product &quot;Most Popular&quot; &quot;Kellogg&#x27;s Original &amp; the Best Corn Flakes (Pouch)&quot; (passed : 5s)</div>]]>
            </line>
          </reporter-output>
        </test-method> <!-- run_cukes -->
        <test-method status="PASS" signature="afterMethod()[pri:0, instance:TestCases.TestngTestRunner@78faea5f]" name="afterMethod" is-config="true" duration-ms="2119" started-at="2018-02-03T16:05:55Z" finished-at="2018-02-03T16:05:57Z">
          <reporter-output>
          </reporter-output>
        </test-method> <!-- afterMethod -->
      </class> <!-- TestCases.TestngTestRunner -->
    </test> <!-- Test -->
  </suite> <!-- Suite -->
</testng-results>
