<?xml version="1.0" encoding="UTF-8"?>
<testsuite xmlns:xsi="http://www.w3.org/2001/XMLSchema-instance" xsi:schemaLocation="https://maven.apache.org/surefire/maven-surefire-plugin/xsd/surefire-test-report.xsd" name="TestSuite" time="42.528" tests="1" errors="0" skipped="0" failures="1">
  <properties>
[...]
</properties>
  <testcase name="run_cukes" classname="StepDefinations.TestngTestRunner" time="19.189">
    <failure message="org.openqa.selenium.StaleElementReferenceException: stale element reference: element is not attached to the page document&#10;  (Session info: chrome=63.0.3239.132)&#10;  (Driver info: chromedriver=2.33.506120 (e3e53437346286c0bc2d2dc9aa4915ba81d9023f),platform=Windows NT 10.0.16299 x86_64) (WARNING: The server did not provide any stacktrace information)&#10;Command duration or timeout: 20 milliseconds&#10;For documentation on this error, please visit: http://seleniumhq.org/exceptions/stale_element_reference.html&#10;Build info: version: &apos;2.52.0&apos;, revision: &apos;4c2593cfc3689a7fcd7be52549167e5ccc93ad28&apos;, time: &apos;2016-02-11 11:22:43&apos;&#10;System info: host: &apos;DESKTOP-OKKEN75&apos;, ip: &apos;192.168.0.3&apos;, os.name: &apos;Windows 10&apos;, os.arch: &apos;amd64&apos;, os.version: &apos;10.0&apos;, java.version: &apos;1.8.0_144&apos;&#10;Driver info: org.openqa.selenium.chrome.ChromeDriver&#10;Capabilities [{applicationCacheEnabled=false, rotatable=false, mobileEmulationEnabled=false, networkConnectionEnabled=false, chrome={chromedriverVersion=2.33.506120 (e3e53437346286c0bc2d2dc9aa4915ba81d9023f), userDataDir=C:\Users\gaurav\AppData\Local\Temp\scoped_dir13736_12947}, takesHeapSnapshot=true, pageLoadStrategy=normal, databaseEnabled=false, handlesAlerts=true, hasTouchScreen=false, version=63.0.3239.132, platform=XP, browserConnectionEnabled=false, nativeEvents=true, acceptSslCerts=true, locationContextEnabled=true, webStorageEnabled=true, browserName=chrome, takesScreenshot=true, javascriptEnabled=true, cssSelectorsEnabled=true, setWindowRect=true, unexpectedAlertBehaviour=}]&#10;Session ID: 120543895c73f391da4746cc6a08c1d4" type="cucumber.runtime.CucumberException">cucumber.runtime.CucumberException: 
org.openqa.selenium.StaleElementReferenceException: stale element reference: element is not attached to the page document
  (Session info: chrome=63.0.3239.132)
  (Driver info: chromedriver=2.33.506120 (e3e53437346286c0bc2d2dc9aa4915ba81d9023f),platform=Windows NT 10.0.16299 x86_64) (WARNING: The server did not provide any stacktrace information)
Command duration or timeout: 20 milliseconds
For documentation on this error, please visit: http://seleniumhq.org/exceptions/stale_element_reference.html
Build info: version: '2.52.0', revision: '4c2593cfc3689a7fcd7be52549167e5ccc93ad28', time: '2016-02-11 11:22:43'
System info: host: 'DESKTOP-OKKEN75', ip: '192.168.0.3', os.name: 'Windows 10', os.arch: 'amd64', os.version: '10.0', java.version: '1.8.0_144'
Driver info: org.openqa.selenium.chrome.ChromeDriver
Capabilities [{applicationCacheEnabled=false, rotatable=false, mobileEmulationEnabled=false, networkConnectionEnabled=false, chrome={chromedriverVersion=2.33.506120 (e3e53437346286c0bc2d2dc9aa4915ba81d9023f), userDataDir=C:\Users\gaurav\AppData\Local\Temp\scoped_dir13736_12947}, takesHeapSnapshot=true, pageLoadStrategy=normal, databaseEnabled=false, handlesAlerts=true, hasTouchScreen=false, version=63.0.3239.132, platform=XP, browserConnectionEnabled=false, nativeEvents=true, acceptSslCerts=true, locationContextEnabled=true, webStorageEnabled=true, browserName=chrome, takesScreenshot=true, javascriptEnabled=true, cssSelectorsEnabled=true, setWindowRect=true, unexpectedAlertBehaviour=}]
Session ID: 120543895c73f391da4746cc6a08c1d4
	at StepDefinations.TestngTestRunner.run_cukes(TestngTestRunner.java:48)
Caused by: org.openqa.selenium.StaleElementReferenceException: 
stale element reference: element is not attached to the page document
  (Session info: chrome=63.0.3239.132)
  (Driver info: chromedriver=2.33.506120 (e3e53437346286c0bc2d2dc9aa4915ba81d9023f),platform=Windows NT 10.0.16299 x86_64) (WARNING: The server did not provide any stacktrace information)
Command duration or timeout: 20 milliseconds
For documentation on this error, please visit: http://seleniumhq.org/exceptions/stale_element_reference.html
Build info: version: '2.52.0', revision: '4c2593cfc3689a7fcd7be52549167e5ccc93ad28', time: '2016-02-11 11:22:43'
System info: host: 'DESKTOP-OKKEN75', ip: '192.168.0.3', os.name: 'Windows 10', os.arch: 'amd64', os.version: '10.0', java.version: '1.8.0_144'
Driver info: org.openqa.selenium.chrome.ChromeDriver
Capabilities [{applicationCacheEnabled=false, rotatable=false, mobileEmulationEnabled=false, networkConnectionEnabled=false, chrome={chromedriverVersion=2.33.506120 (e3e53437346286c0bc2d2dc9aa4915ba81d9023f), userDataDir=C:\Users\gaurav\AppData\Local\Temp\scoped_dir13736_12947}, takesHeapSnapshot=true, pageLoadStrategy=normal, databaseEnabled=false, handlesAlerts=true, hasTouchScreen=false, version=63.0.3239.132, platform=XP, browserConnectionEnabled=false, nativeEvents=true, acceptSslCerts=true, locationContextEnabled=true, webStorageEnabled=true, browserName=chrome, takesScreenshot=true, javascriptEnabled=true, cssSelectorsEnabled=true, setWindowRect=true, unexpectedAlertBehaviour=}]
Session ID: 120543895c73f391da4746cc6a08c1d4
</failure>
    <system-out><![CDATA[Opening: chrome Browser
Navigating to (https://www.grofers.com) Site
clearing all cookies
Feature: User Onboarding flow
  Description: The purpose of this feature to test complete user onboard flow
URL at failure: http://screenwatch.yournewtab.com/?chid=127&oid=706&pubid=1320848&subid=428220616291&sah=860&cw=1600&nw=1
Failed Scenario name: Step by Step Execution of onboard Flow
Date and Time at failure: 05-Feb-2018- 2018-02-05 10:43:08

  @Onboarding
  Scenario: Step by Step Execution of onboard Flow                                 # onboard.feature:5
    Given I am navigating to grofers site                                          # OnboardinFlow.NavigateToSite()
    And Select a Location "Delhi"                                                  # OnboardinFlow.selectLocation(String)
    And Select a Product "Most Popular" "Aashirvaad Shudh Chakki Whole Wheat Atta" # OnboardinFlow.selectProdcut(String,String)
      org.openqa.selenium.StaleElementReferenceException: stale element reference: element is not attached to the page document
        (Session info: chrome=63.0.3239.132)
        (Driver info: chromedriver=2.33.506120 (e3e53437346286c0bc2d2dc9aa4915ba81d9023f),platform=Windows NT 10.0.16299 x86_64) (WARNING: The server did not provide any stacktrace information)
      Command duration or timeout: 20 milliseconds
      For documentation on this error, please visit: http://seleniumhq.org/exceptions/stale_element_reference.html
      Build info: version: '2.52.0', revision: '4c2593cfc3689a7fcd7be52549167e5ccc93ad28', time: '2016-02-11 11:22:43'
      System info: host: 'DESKTOP-OKKEN75', ip: '192.168.0.3', os.name: 'Windows 10', os.arch: 'amd64', os.version: '10.0', java.version: '1.8.0_144'
      Driver info: org.openqa.selenium.chrome.ChromeDriver
      Capabilities [{applicationCacheEnabled=false, rotatable=false, mobileEmulationEnabled=false, networkConnectionEnabled=false, chrome={chromedriverVersion=2.33.506120 (e3e53437346286c0bc2d2dc9aa4915ba81d9023f), userDataDir=C:\Users\gaurav\AppData\Local\Temp\scoped_dir13736_12947}, takesHeapSnapshot=true, pageLoadStrategy=normal, databaseEnabled=false, handlesAlerts=true, hasTouchScreen=false, version=63.0.3239.132, platform=XP, browserConnectionEnabled=false, nativeEvents=true, acceptSslCerts=true, locationContextEnabled=true, webStorageEnabled=true, browserName=chrome, takesScreenshot=true, javascriptEnabled=true, cssSelectorsEnabled=true, setWindowRect=true, unexpectedAlertBehaviour=}]
      Session ID: 120543895c73f391da4746cc6a08c1d4
      	at sun.reflect.NativeConstructorAccessorImpl.newInstance0(Native Method)
      	at sun.reflect.NativeConstructorAccessorImpl.newInstance(NativeConstructorAccessorImpl.java:62)
      	at sun.reflect.DelegatingConstructorAccessorImpl.newInstance(DelegatingConstructorAccessorImpl.java:45)
      	at java.lang.reflect.Constructor.newInstance(Constructor.java:423)
      	at org.openqa.selenium.remote.ErrorHandler.createThrowable(ErrorHandler.java:206)
      	at org.openqa.selenium.remote.ErrorHandler.throwIfResponseFailed(ErrorHandler.java:158)
      	at org.openqa.selenium.remote.RemoteWebDriver.execute(RemoteWebDriver.java:678)
      	at org.openqa.selenium.remote.RemoteWebElement.execute(RemoteWebElement.java:327)
      	at org.openqa.selenium.remote.RemoteWebElement.getAttribute(RemoteWebElement.java:150)
      	at BusinessComponent.onboard.selectGivenProductOnPage(onboard.java:26)
      	at StepDefinations.OnboardinFlow.selectProdcut(OnboardinFlow.java:58)
      	at ?.And Select a Product "Most Popular" "Aashirvaad Shudh Chakki Whole Wheat Atta"(onboard.feature:8)

    And Login into Groffers with username "9205789599" and password "4,1,7,2"      # OnboardinFlow.login(String,String)
    And Proceed to Checkout witn number of items "1" and bill "632"                # OnboardinFlow.checkout(String,String)
Embed Failed chrome not reachable
  (Session info: chrome=63.0.3239.132)
  (Driver info: chromedriver=2.33.506120 (e3e53437346286c0bc2d2dc9aa4915ba81d9023f),platform=Windows NT 10.0.16299 x86_64) (WARNING: The server did not provide any stacktrace information)
Command duration or timeout: 4.09 seconds
Build info: version: '2.52.0', revision: '4c2593cfc3689a7fcd7be52549167e5ccc93ad28', time: '2016-02-11 11:22:43'
System info: host: 'DESKTOP-OKKEN75', ip: '192.168.0.3', os.name: 'Windows 10', os.arch: 'amd64', os.version: '10.0', java.version: '1.8.0_144'
Driver info: org.openqa.selenium.chrome.ChromeDriver
Capabilities [{applicationCacheEnabled=false, rotatable=false, mobileEmulationEnabled=false, networkConnectionEnabled=false, chrome={chromedriverVersion=2.33.506120 (e3e53437346286c0bc2d2dc9aa4915ba81d9023f), userDataDir=C:\Users\gaurav\AppData\Local\Temp\scoped_dir13736_12947}, takesHeapSnapshot=true, pageLoadStrategy=normal, databaseEnabled=false, handlesAlerts=true, hasTouchScreen=false, version=63.0.3239.132, platform=XP, browserConnectionEnabled=false, nativeEvents=true, acceptSslCerts=true, locationContextEnabled=true, webStorageEnabled=true, browserName=chrome, takesScreenshot=true, javascriptEnabled=true, cssSelectorsEnabled=true, setWindowRect=true, unexpectedAlertBehaviour=}]
Session ID: 120543895c73f391da4746cc6a08c1d4

  @Onboarding
  Scenario: Step by Step Execution of onboard Flow with selecting multiple items            # onboard.feature:14
    Given I am navigating to grofers site                                                   # OnboardinFlow.NavigateToSite()
      java.lang.AssertionError: expected [Online Grocery Shopping - Buy Fruits, Vegetables, Groceries and More | Grofers] but found [ScreenWatch Now new tab]
      	at org.testng.Assert.fail(Assert.java:94)
      	at org.testng.Assert.failNotEquals(Assert.java:494)
      	at org.testng.Assert.assertEquals(Assert.java:123)
      	at org.testng.Assert.assertEquals(Assert.java:176)
      	at org.testng.Assert.assertEquals(Assert.java:186)
      	at Generics.SeleniumHelper.assertOnPageopen(SeleniumHelper.java:214)
      	at StepDefinations.OnboardinFlow.NavigateToSite(OnboardinFlow.java:48)
      	at ?.Given I am navigating to grofers site(onboard.feature:15)

    And Select a Location "Delhi"                                                           # OnboardinFlow.selectLocation(String)
    And Select a Product "Most Popular" "Dove Beauty Cream Soap"                            # OnboardinFlow.selectProdcut(String,String)
    And Select a Product "Most Popular" "Kellogg's Original & the Best Corn Flakes (Pouch)" # OnboardinFlow.selectProdcut(String,String)
    And Login into Groffers with username "9205789599" and password "4,1,7,2"               # OnboardinFlow.login(String,String)
    And Proceed to Checkout witn number of items "3" and bill "632"                         # OnboardinFlow.checkout(String,String)

2 Scenarios (2 failed)
11 Steps (2 failed, 7 skipped, 2 passed)
0m18.389s

org.openqa.selenium.StaleElementReferenceException: stale element reference: element is not attached to the page document
  (Session info: chrome=63.0.3239.132)
  (Driver info: chromedriver=2.33.506120 (e3e53437346286c0bc2d2dc9aa4915ba81d9023f),platform=Windows NT 10.0.16299 x86_64) (WARNING: The server did not provide any stacktrace information)
Command duration or timeout: 20 milliseconds
For documentation on this error, please visit: http://seleniumhq.org/exceptions/stale_element_reference.html
Build info: version: '2.52.0', revision: '4c2593cfc3689a7fcd7be52549167e5ccc93ad28', time: '2016-02-11 11:22:43'
System info: host: 'DESKTOP-OKKEN75', ip: '192.168.0.3', os.name: 'Windows 10', os.arch: 'amd64', os.version: '10.0', java.version: '1.8.0_144'
Driver info: org.openqa.selenium.chrome.ChromeDriver
Capabilities [{applicationCacheEnabled=false, rotatable=false, mobileEmulationEnabled=false, networkConnectionEnabled=false, chrome={chromedriverVersion=2.33.506120 (e3e53437346286c0bc2d2dc9aa4915ba81d9023f), userDataDir=C:\Users\gaurav\AppData\Local\Temp\scoped_dir13736_12947}, takesHeapSnapshot=true, pageLoadStrategy=normal, databaseEnabled=false, handlesAlerts=true, hasTouchScreen=false, version=63.0.3239.132, platform=XP, browserConnectionEnabled=false, nativeEvents=true, acceptSslCerts=true, locationContextEnabled=true, webStorageEnabled=true, browserName=chrome, takesScreenshot=true, javascriptEnabled=true, cssSelectorsEnabled=true, setWindowRect=true, unexpectedAlertBehaviour=}]
Session ID: 120543895c73f391da4746cc6a08c1d4
	at sun.reflect.NativeConstructorAccessorImpl.newInstance0(Native Method)
	at sun.reflect.NativeConstructorAccessorImpl.newInstance(NativeConstructorAccessorImpl.java:62)
	at sun.reflect.DelegatingConstructorAccessorImpl.newInstance(DelegatingConstructorAccessorImpl.java:45)
	at java.lang.reflect.Constructor.newInstance(Constructor.java:423)
	at org.openqa.selenium.remote.ErrorHandler.createThrowable(ErrorHandler.java:206)
	at org.openqa.selenium.remote.ErrorHandler.throwIfResponseFailed(ErrorHandler.java:158)
	at org.openqa.selenium.remote.RemoteWebDriver.execute(RemoteWebDriver.java:678)
	at org.openqa.selenium.remote.RemoteWebElement.execute(RemoteWebElement.java:327)
	at org.openqa.selenium.remote.RemoteWebElement.getAttribute(RemoteWebElement.java:150)
	at BusinessComponent.onboard.selectGivenProductOnPage(onboard.java:26)
	at StepDefinations.OnboardinFlow.selectProdcut(OnboardinFlow.java:58)
	at ?.And Select a Product "Most Popular" "Aashirvaad Shudh Chakki Whole Wheat Atta"(onboard.feature:8)

java.lang.AssertionError: expected [Online Grocery Shopping - Buy Fruits, Vegetables, Groceries and More | Grofers] but found [ScreenWatch Now new tab]
	at org.testng.Assert.fail(Assert.java:94)
	at org.testng.Assert.failNotEquals(Assert.java:494)
	at org.testng.Assert.assertEquals(Assert.java:123)
	at org.testng.Assert.assertEquals(Assert.java:176)
	at org.testng.Assert.assertEquals(Assert.java:186)
	at Generics.SeleniumHelper.assertOnPageopen(SeleniumHelper.java:214)
	at StepDefinations.OnboardinFlow.NavigateToSite(OnboardinFlow.java:48)
	at ?.Given I am navigating to grofers site(onboard.feature:15)


2 Scenarios (2 failed)
11 Steps (2 failed, 7 skipped, 2 passed)
0m18.389s

org.openqa.selenium.StaleElementReferenceException: stale element reference: element is not attached to the page document
  (Session info: chrome=63.0.3239.132)
  (Driver info: chromedriver=2.33.506120 (e3e53437346286c0bc2d2dc9aa4915ba81d9023f),platform=Windows NT 10.0.16299 x86_64) (WARNING: The server did not provide any stacktrace information)
Command duration or timeout: 20 milliseconds
For documentation on this error, please visit: http://seleniumhq.org/exceptions/stale_element_reference.html
Build info: version: '2.52.0', revision: '4c2593cfc3689a7fcd7be52549167e5ccc93ad28', time: '2016-02-11 11:22:43'
System info: host: 'DESKTOP-OKKEN75', ip: '192.168.0.3', os.name: 'Windows 10', os.arch: 'amd64', os.version: '10.0', java.version: '1.8.0_144'
Driver info: org.openqa.selenium.chrome.ChromeDriver
Capabilities [{applicationCacheEnabled=false, rotatable=false, mobileEmulationEnabled=false, networkConnectionEnabled=false, chrome={chromedriverVersion=2.33.506120 (e3e53437346286c0bc2d2dc9aa4915ba81d9023f), userDataDir=C:\Users\gaurav\AppData\Local\Temp\scoped_dir13736_12947}, takesHeapSnapshot=true, pageLoadStrategy=normal, databaseEnabled=false, handlesAlerts=true, hasTouchScreen=false, version=63.0.3239.132, platform=XP, browserConnectionEnabled=false, nativeEvents=true, acceptSslCerts=true, locationContextEnabled=true, webStorageEnabled=true, browserName=chrome, takesScreenshot=true, javascriptEnabled=true, cssSelectorsEnabled=true, setWindowRect=true, unexpectedAlertBehaviour=}]
Session ID: 120543895c73f391da4746cc6a08c1d4
	at sun.reflect.NativeConstructorAccessorImpl.newInstance0(Native Method)
	at sun.reflect.NativeConstructorAccessorImpl.newInstance(NativeConstructorAccessorImpl.java:62)
	at sun.reflect.DelegatingConstructorAccessorImpl.newInstance(DelegatingConstructorAccessorImpl.java:45)
	at java.lang.reflect.Constructor.newInstance(Constructor.java:423)
	at org.openqa.selenium.remote.ErrorHandler.createThrowable(ErrorHandler.java:206)
	at org.openqa.selenium.remote.ErrorHandler.throwIfResponseFailed(ErrorHandler.java:158)
	at org.openqa.selenium.remote.RemoteWebDriver.execute(RemoteWebDriver.java:678)
	at org.openqa.selenium.remote.RemoteWebElement.execute(RemoteWebElement.java:327)
	at org.openqa.selenium.remote.RemoteWebElement.getAttribute(RemoteWebElement.java:150)
	at BusinessComponent.onboard.selectGivenProductOnPage(onboard.java:26)
	at StepDefinations.OnboardinFlow.selectProdcut(OnboardinFlow.java:58)
	at ?.And Select a Product "Most Popular" "Aashirvaad Shudh Chakki Whole Wheat Atta"(onboard.feature:8)

java.lang.AssertionError: expected [Online Grocery Shopping - Buy Fruits, Vegetables, Groceries and More | Grofers] but found [ScreenWatch Now new tab]
	at org.testng.Assert.fail(Assert.java:94)
	at org.testng.Assert.failNotEquals(Assert.java:494)
	at org.testng.Assert.assertEquals(Assert.java:123)
	at org.testng.Assert.assertEquals(Assert.java:176)
	at org.testng.Assert.assertEquals(Assert.java:186)
	at Generics.SeleniumHelper.assertOnPageopen(SeleniumHelper.java:214)
	at StepDefinations.OnboardinFlow.NavigateToSite(OnboardinFlow.java:48)
	at ?.Given I am navigating to grofers site(onboard.feature:15)

]]></system-out>
    <system-err><![CDATA[Starting ChromeDriver 2.33.506120 (e3e53437346286c0bc2d2dc9aa4915ba81d9023f) on port 25764
Only local connections are allowed.
log4j:WARN No appenders could be found for logger (org.apache.http.client.protocol.RequestAddCookies).
log4j:WARN Please initialize the log4j system properly.
log4j:WARN See http://logging.apache.org/log4j/1.2/faq.html#noconfig for more info.
]]></system-err>
  </testcase>
</testsuite>