<?xml version="1.0" encoding="UTF-8"?>
<testng-results skipped="1" failed="0" ignored="0" total="1" passed="0">
  <reporter-output>
    <line>
      <![CDATA[<div "featureFile">Feature File: onboard.feature</div>]]>
    </line>
    <line>
      <![CDATA[<div "feature">Feature: To complete the flow of onboarding</div>]]>
    </line>
    <line>
      <![CDATA[<div "scenario">Scenario: Step by Step Execution of onboard Flow</div>]]>
    </line>
    <line>
      <![CDATA[<div "result">Given  I am navigating to site (passed : 7s)</div>]]>
    </line>
    <line>
      <![CDATA[<div "result">And  Select a Location &quot;Bengaluru&quot; (passed : 0s)</div>]]>
    </line>
    <line>
      <![CDATA[<div "result">And  Select a Product &quot;Most Popular&quot; &quot;Aashirvaad Shudh Chakki Whole Wheat Atta&quot; (passed : 8s)</div>]]>
    </line>
    <line>
      <![CDATA[<div "result">And  Login into Groffers with username &quot;9205789599&quot; and password &quot;4,1,7,2&quot; (passed : 11s)</div>]]>
    </line>
    <line>
      <![CDATA[<div "result">And  Proceed to Checkout witn number of items &quot;2&quot; and bill &quot;632&quot; (failed : 0s)</div>]]>
    </line>
    <line>
      <![CDATA[<div "scenario">Scenario: Step by Step Execution of onboard Flow with selecting multiple items</div>]]>
    </line>
    <line>
      <![CDATA[<div "result">Given  I am navigating to site (passed : 4s)</div>]]>
    </line>
    <line>
      <![CDATA[<div "result">And  Select a Location &quot;Bengaluru&quot; (failed : 0s)</div>]]>
    </line>
    <line>
      <![CDATA[<div "result">And  Select a Product &quot;Most Popular&quot; &quot;Aashirvaad Shudh Chakki Whole Wheat Atta&quot; (skipped)</div>]]>
    </line>
    <line>
      <![CDATA[<div "result">And  Select a Product &quot;Most Popular&quot; &quot;Kellogg&#x27;s Original &amp; the Best Corn Flakes (Pouch)&quot; (skipped)</div>]]>
    </line>
    <line>
      <![CDATA[<div "result">And  Login into Groffers with username &quot;9205789599&quot; and password &quot;4,1,7,2&quot; (skipped)</div>]]>
    </line>
    <line>
      <![CDATA[<div "result">And  Proceed to Checkout witn number of items &quot;2&quot; and bill &quot;632&quot; (skipped)</div>]]>
    </line>
  </reporter-output>
  <suite name="Suite" duration-ms="41550" started-at="2018-02-03T13:18:58Z" finished-at="2018-02-03T13:19:39Z">
    <groups>
      <group name="cucumber">
        <method signature="TestngTestRunner.run_cukes()[pri:0, instance:TestCases.TestngTestRunner@757942a1]" name="run_cukes" class="TestCases.TestngTestRunner"/>
      </group> <!-- cucumber -->
    </groups>
    <test name="Test" duration-ms="41550" started-at="2018-02-03T13:18:58Z" finished-at="2018-02-03T13:19:39Z">
      <class name="TestCases.TestngTestRunner">
        <test-method status="PASS" signature="beforeMethod(java.lang.String, java.lang.String)[pri:0, instance:TestCases.TestngTestRunner@757942a1]" name="beforeMethod" is-config="true" duration-ms="6539" started-at="2018-02-03T18:48:58Z" finished-at="2018-02-03T18:49:04Z">
          <params>
            <param index="0">
              <value>
                <![CDATA[chrome]]>
              </value>
            </param>
            <param index="1">
              <value>
                <![CDATA[https://www.grofers.com]]>
              </value>
            </param>
          </params>
          <reporter-output>
          </reporter-output>
        </test-method> <!-- beforeMethod -->
        <test-method status="SKIP" signature="run_cukes()[pri:0, instance:TestCases.TestngTestRunner@757942a1]" name="run_cukes" duration-ms="34955" started-at="2018-02-03T18:49:04Z" description="Runs Cucumber Features" finished-at="2018-02-03T18:49:39Z">
          <exception class="cucumber.runtime.CucumberException">
            <message>
              <![CDATA[java.lang.AssertionError: expected [2] but found [1]]]>
            </message>
            <full-stacktrace>
              <![CDATA[cucumber.runtime.CucumberException: java.lang.AssertionError: expected [2] but found [1]at cucumber.api.testng.TestNGCucumberRunner.runCukes(TestNGCucumberRunner.java:58)at TestCases.TestngTestRunner.run_cukes(TestngTestRunner.java:31)at sun.reflect.NativeMethodAccessorImpl.invoke0(Native Method)at sun.reflect.NativeMethodAccessorImpl.invoke(NativeMethodAccessorImpl.java:62)at sun.reflect.DelegatingMethodAccessorImpl.invoke(DelegatingMethodAccessorImpl.java:43)at java.lang.reflect.Method.invoke(Method.java:498)at org.testng.internal.MethodInvocationHelper.invokeMethod(MethodInvocationHelper.java:124)at org.testng.internal.Invoker.invokeMethod(Invoker.java:571)at org.testng.internal.Invoker.invokeTestMethod(Invoker.java:707)at org.testng.internal.Invoker.invokeTestMethods(Invoker.java:979)at org.testng.internal.TestMethodWorker.invokeTestMethods(TestMethodWorker.java:125)at org.testng.internal.TestMethodWorker.run(TestMethodWorker.java:109)at org.testng.TestRunner.privateRun(TestRunner.java:648)at org.testng.TestRunner.run(TestRunner.java:505)at org.testng.SuiteRunner.runTest(SuiteRunner.java:455)at org.testng.SuiteRunner.runSequentially(SuiteRunner.java:450)at org.testng.SuiteRunner.privateRun(SuiteRunner.java:415)at org.testng.SuiteRunner.run(SuiteRunner.java:364)at org.testng.SuiteRunnerWorker.runSuite(SuiteRunnerWorker.java:52)at org.testng.SuiteRunnerWorker.run(SuiteRunnerWorker.java:84)at org.testng.TestNG.runSuitesSequentially(TestNG.java:1187)at org.testng.TestNG.runSuitesLocally(TestNG.java:1116)at org.testng.TestNG.runSuites(TestNG.java:1028)at org.testng.TestNG.run(TestNG.java:996)at org.testng.remote.AbstractRemoteTestNG.run(AbstractRemoteTestNG.java:114)at org.testng.remote.RemoteTestNG.initAndRun(RemoteTestNG.java:251)at org.testng.remote.RemoteTestNG.main(RemoteTestNG.java:77)Caused by: java.lang.AssertionError: expected [2] but found [1]at org.testng.Assert.fail(Assert.java:96)at org.testng.Assert.failNotEquals(Assert.java:776)at org.testng.Assert.assertEqualsImpl(Assert.java:137)at org.testng.Assert.assertEquals(Assert.java:118)at org.testng.Assert.assertEquals(Assert.java:453)at org.testng.Assert.assertEquals(Assert.java:463)at BusinessComponent.onboard.assertCart(onboard.java:68)at TestCases.StepDefinition.checkout(StepDefinition.java:38)at ✽.And Proceed to Checkout witn number of items "2" and bill "632"(onboard.feature:9)]]>
            </full-stacktrace>
          </exception> <!-- cucumber.runtime.CucumberException -->
          <reporter-output>
            <line>
              <![CDATA[<div "featureFile">Feature File: onboard.feature</div>]]>
            </line>
            <line>
              <![CDATA[<div "feature">Feature: To complete the flow of onboarding</div>]]>
            </line>
            <line>
              <![CDATA[<div "scenario">Scenario: Step by Step Execution of onboard Flow</div>]]>
            </line>
            <line>
              <![CDATA[<div "result">Given  I am navigating to site (passed : 7s)</div>]]>
            </line>
            <line>
              <![CDATA[<div "result">And  Select a Location &quot;Bengaluru&quot; (passed : 0s)</div>]]>
            </line>
            <line>
              <![CDATA[<div "result">And  Select a Product &quot;Most Popular&quot; &quot;Aashirvaad Shudh Chakki Whole Wheat Atta&quot; (passed : 8s)</div>]]>
            </line>
            <line>
              <![CDATA[<div "result">And  Login into Groffers with username &quot;9205789599&quot; and password &quot;4,1,7,2&quot; (passed : 11s)</div>]]>
            </line>
            <line>
              <![CDATA[<div "result">And  Proceed to Checkout witn number of items &quot;2&quot; and bill &quot;632&quot; (failed : 0s)</div>]]>
            </line>
            <line>
              <![CDATA[<div "scenario">Scenario: Step by Step Execution of onboard Flow with selecting multiple items</div>]]>
            </line>
            <line>
              <![CDATA[<div "result">Given  I am navigating to site (passed : 4s)</div>]]>
            </line>
            <line>
              <![CDATA[<div "result">And  Select a Location &quot;Bengaluru&quot; (failed : 0s)</div>]]>
            </line>
            <line>
              <![CDATA[<div "result">And  Select a Product &quot;Most Popular&quot; &quot;Aashirvaad Shudh Chakki Whole Wheat Atta&quot; (skipped)</div>]]>
            </line>
            <line>
              <![CDATA[<div "result">And  Select a Product &quot;Most Popular&quot; &quot;Kellogg&#x27;s Original &amp; the Best Corn Flakes (Pouch)&quot; (skipped)</div>]]>
            </line>
            <line>
              <![CDATA[<div "result">And  Login into Groffers with username &quot;9205789599&quot; and password &quot;4,1,7,2&quot; (skipped)</div>]]>
            </line>
            <line>
              <![CDATA[<div "result">And  Proceed to Checkout witn number of items &quot;2&quot; and bill &quot;632&quot; (skipped)</div>]]>
            </line>
          </reporter-output>
        </test-method> <!-- run_cukes -->
        <test-method status="PASS" signature="afterMethod()[pri:0, instance:TestCases.TestngTestRunner@757942a1]" name="afterMethod" is-config="true" duration-ms="0" started-at="2018-02-03T18:49:39Z" finished-at="2018-02-03T18:49:39Z">
          <reporter-output>
          </reporter-output>
        </test-method> <!-- afterMethod -->
      </class> <!-- TestCases.TestngTestRunner -->
    </test> <!-- Test -->
  </suite> <!-- Suite -->
</testng-results>
